C:\USERS\SSD-PASS-SLAVA\DOCUMENTS\VISUAL STUDIO 2012\PROJECTS\COURSE_WORK1\COURSE_WORK1\DEBUG\VC110.PDB
C:\USERS\SSD-PASS-SLAVA\DOCUMENTS\VISUAL STUDIO 2012\PROJECTS\COURSE_WORK1\COURSE_WORK1\DEBUG\SOURCE.OBJ
C:\USERS\SSD-PASS-SLAVA\DOCUMENTS\VISUAL STUDIO 2012\PROJECTS\COURSE_WORK1\COURSE_WORK1\DEBUG\TEST.OBJ
C:\USERS\SSD-PASS-SLAVA\DOCUMENTS\VISUAL STUDIO 2012\PROJECTS\COURSE_WORK1\COURSE_WORK1\DEBUG\REWRITE_COURSE_WORK.OBJ
C:\USERS\SSD-PASS-SLAVA\DOCUMENTS\VISUAL STUDIO 2012\PROJECTS\COURSE_WORK1\DEBUG\COURSE_WORK1.ILK
C:\USERS\SSD-PASS-SLAVA\DOCUMENTS\VISUAL STUDIO 2012\PROJECTS\COURSE_WORK1\DEBUG\COURSE_WORK1.EXE
C:\USERS\SSD-PASS-SLAVA\DOCUMENTS\VISUAL STUDIO 2012\PROJECTS\COURSE_WORK1\DEBUG\COURSE_WORK1.PDB
C:\Users\ssd-pass-slava\Documents\Visual Studio 2012\Projects\course_work1\course_work1\Debug\rewrite_course_work.obj
C:\Users\ssd-pass-slava\Documents\Visual Studio 2012\Projects\course_work1\course_work1\Debug\Source.obj
C:\Users\ssd-pass-slava\Documents\Visual Studio 2012\Projects\course_work1\course_work1\Debug\test.obj
C:\Users\ssd-pass-slava\Documents\Visual Studio 2012\Projects\course_work1\course_work1\Debug\cl.command.1.tlog
C:\Users\ssd-pass-slava\Documents\Visual Studio 2012\Projects\course_work1\course_work1\Debug\CL.read.1.tlog
C:\Users\ssd-pass-slava\Documents\Visual Studio 2012\Projects\course_work1\course_work1\Debug\CL.write.1.tlog
C:\Users\ssd-pass-slava\Documents\Visual Studio 2012\Projects\course_work1\course_work1\Debug\link-cvtres.read.1.tlog
C:\Users\ssd-pass-slava\Documents\Visual Studio 2012\Projects\course_work1\course_work1\Debug\link-cvtres.write.1.tlog
C:\Users\ssd-pass-slava\Documents\Visual Studio 2012\Projects\course_work1\course_work1\Debug\link-rc.read.1.tlog
C:\Users\ssd-pass-slava\Documents\Visual Studio 2012\Projects\course_work1\course_work1\Debug\link-rc.write.1.tlog
C:\Users\ssd-pass-slava\Documents\Visual Studio 2012\Projects\course_work1\course_work1\Debug\link.1564-cvtres.read.1.tlog
C:\Users\ssd-pass-slava\Documents\Visual Studio 2012\Projects\course_work1\course_work1\Debug\link.1564-cvtres.write.1.tlog
C:\Users\ssd-pass-slava\Documents\Visual Studio 2012\Projects\course_work1\course_work1\Debug\link.1564-rc.read.1.tlog
C:\Users\ssd-pass-slava\Documents\Visual Studio 2012\Projects\course_work1\course_work1\Debug\link.1564-rc.write.1.tlog
C:\Users\ssd-pass-slava\Documents\Visual Studio 2012\Projects\course_work1\course_work1\Debug\link.1564.read.1.tlog
C:\Users\ssd-pass-slava\Documents\Visual Studio 2012\Projects\course_work1\course_work1\Debug\link.1564.write.1.tlog
C:\Users\ssd-pass-slava\Documents\Visual Studio 2012\Projects\course_work1\course_work1\Debug\link.1580-cvtres.read.1.tlog
C:\Users\ssd-pass-slava\Documents\Visual Studio 2012\Projects\course_work1\course_work1\Debug\link.1580-cvtres.write.1.tlog
C:\Users\ssd-pass-slava\Documents\Visual Studio 2012\Projects\course_work1\course_work1\Debug\link.1580-rc.read.1.tlog
C:\Users\ssd-pass-slava\Documents\Visual Studio 2012\Projects\course_work1\course_work1\Debug\link.1580-rc.write.1.tlog
C:\Users\ssd-pass-slava\Documents\Visual Studio 2012\Projects\course_work1\course_work1\Debug\link.1580.read.1.tlog
C:\Users\ssd-pass-slava\Documents\Visual Studio 2012\Projects\course_work1\course_work1\Debug\link.1580.write.1.tlog
C:\Users\ssd-pass-slava\Documents\Visual Studio 2012\Projects\course_work1\course_work1\Debug\link.1656-cvtres.read.1.tlog
C:\Users\ssd-pass-slava\Documents\Visual Studio 2012\Projects\course_work1\course_work1\Debug\link.1656-cvtres.write.1.tlog
C:\Users\ssd-pass-slava\Documents\Visual Studio 2012\Projects\course_work1\course_work1\Debug\link.1656-rc.read.1.tlog
C:\Users\ssd-pass-slava\Documents\Visual Studio 2012\Projects\course_work1\course_work1\Debug\link.1656-rc.write.1.tlog
C:\Users\ssd-pass-slava\Documents\Visual Studio 2012\Projects\course_work1\course_work1\Debug\link.1656.read.1.tlog
C:\Users\ssd-pass-slava\Documents\Visual Studio 2012\Projects\course_work1\course_work1\Debug\link.1656.write.1.tlog
C:\Users\ssd-pass-slava\Documents\Visual Studio 2012\Projects\course_work1\course_work1\Debug\link.1660-cvtres.read.1.tlog
C:\Users\ssd-pass-slava\Documents\Visual Studio 2012\Projects\course_work1\course_work1\Debug\link.1660-cvtres.write.1.tlog
C:\Users\ssd-pass-slava\Documents\Visual Studio 2012\Projects\course_work1\course_work1\Debug\link.1660-rc.read.1.tlog
C:\Users\ssd-pass-slava\Documents\Visual Studio 2012\Projects\course_work1\course_work1\Debug\link.1660-rc.write.1.tlog
C:\Users\ssd-pass-slava\Documents\Visual Studio 2012\Projects\course_work1\course_work1\Debug\link.1660.read.1.tlog
C:\Users\ssd-pass-slava\Documents\Visual Studio 2012\Projects\course_work1\course_work1\Debug\link.1660.write.1.tlog
C:\Users\ssd-pass-slava\Documents\Visual Studio 2012\Projects\course_work1\course_work1\Debug\link.1880-cvtres.read.1.tlog
C:\Users\ssd-pass-slava\Documents\Visual Studio 2012\Projects\course_work1\course_work1\Debug\link.1880-cvtres.write.1.tlog
C:\Users\ssd-pass-slava\Documents\Visual Studio 2012\Projects\course_work1\course_work1\Debug\link.1880-rc.read.1.tlog
C:\Users\ssd-pass-slava\Documents\Visual Studio 2012\Projects\course_work1\course_work1\Debug\link.1880-rc.write.1.tlog
C:\Users\ssd-pass-slava\Documents\Visual Studio 2012\Projects\course_work1\course_work1\Debug\link.1880.read.1.tlog
C:\Users\ssd-pass-slava\Documents\Visual Studio 2012\Projects\course_work1\course_work1\Debug\link.1880.write.1.tlog
C:\Users\ssd-pass-slava\Documents\Visual Studio 2012\Projects\course_work1\course_work1\Debug\link.2256-cvtres.read.1.tlog
C:\Users\ssd-pass-slava\Documents\Visual Studio 2012\Projects\course_work1\course_work1\Debug\link.2256-cvtres.write.1.tlog
C:\Users\ssd-pass-slava\Documents\Visual Studio 2012\Projects\course_work1\course_work1\Debug\link.2256-rc.read.1.tlog
C:\Users\ssd-pass-slava\Documents\Visual Studio 2012\Projects\course_work1\course_work1\Debug\link.2256-rc.write.1.tlog
C:\Users\ssd-pass-slava\Documents\Visual Studio 2012\Projects\course_work1\course_work1\Debug\link.2256.read.1.tlog
C:\Users\ssd-pass-slava\Documents\Visual Studio 2012\Projects\course_work1\course_work1\Debug\link.2256.write.1.tlog
C:\Users\ssd-pass-slava\Documents\Visual Studio 2012\Projects\course_work1\course_work1\Debug\link.2528-cvtres.read.1.tlog
C:\Users\ssd-pass-slava\Documents\Visual Studio 2012\Projects\course_work1\course_work1\Debug\link.2528-cvtres.write.1.tlog
C:\Users\ssd-pass-slava\Documents\Visual Studio 2012\Projects\course_work1\course_work1\Debug\link.2528-rc.read.1.tlog
C:\Users\ssd-pass-slava\Documents\Visual Studio 2012\Projects\course_work1\course_work1\Debug\link.2528-rc.write.1.tlog
C:\Users\ssd-pass-slava\Documents\Visual Studio 2012\Projects\course_work1\course_work1\Debug\link.2528.read.1.tlog
C:\Users\ssd-pass-slava\Documents\Visual Studio 2012\Projects\course_work1\course_work1\Debug\link.2528.write.1.tlog
C:\Users\ssd-pass-slava\Documents\Visual Studio 2012\Projects\course_work1\course_work1\Debug\link.272-cvtres.read.1.tlog
C:\Users\ssd-pass-slava\Documents\Visual Studio 2012\Projects\course_work1\course_work1\Debug\link.272-cvtres.write.1.tlog
C:\Users\ssd-pass-slava\Documents\Visual Studio 2012\Projects\course_work1\course_work1\Debug\link.272-rc.read.1.tlog
C:\Users\ssd-pass-slava\Documents\Visual Studio 2012\Projects\course_work1\course_work1\Debug\link.272-rc.write.1.tlog
C:\Users\ssd-pass-slava\Documents\Visual Studio 2012\Projects\course_work1\course_work1\Debug\link.272.read.1.tlog
C:\Users\ssd-pass-slava\Documents\Visual Studio 2012\Projects\course_work1\course_work1\Debug\link.272.write.1.tlog
C:\Users\ssd-pass-slava\Documents\Visual Studio 2012\Projects\course_work1\course_work1\Debug\link.284-cvtres.read.1.tlog
C:\Users\ssd-pass-slava\Documents\Visual Studio 2012\Projects\course_work1\course_work1\Debug\link.284-cvtres.write.1.tlog
C:\Users\ssd-pass-slava\Documents\Visual Studio 2012\Projects\course_work1\course_work1\Debug\link.284-rc.read.1.tlog
C:\Users\ssd-pass-slava\Documents\Visual Studio 2012\Projects\course_work1\course_work1\Debug\link.284-rc.write.1.tlog
C:\Users\ssd-pass-slava\Documents\Visual Studio 2012\Projects\course_work1\course_work1\Debug\link.284.read.1.tlog
C:\Users\ssd-pass-slava\Documents\Visual Studio 2012\Projects\course_work1\course_work1\Debug\link.284.write.1.tlog
C:\Users\ssd-pass-slava\Documents\Visual Studio 2012\Projects\course_work1\course_work1\Debug\link.2844-cvtres.read.1.tlog
C:\Users\ssd-pass-slava\Documents\Visual Studio 2012\Projects\course_work1\course_work1\Debug\link.2844-cvtres.write.1.tlog
C:\Users\ssd-pass-slava\Documents\Visual Studio 2012\Projects\course_work1\course_work1\Debug\link.2844-rc.read.1.tlog
C:\Users\ssd-pass-slava\Documents\Visual Studio 2012\Projects\course_work1\course_work1\Debug\link.2844-rc.write.1.tlog
C:\Users\ssd-pass-slava\Documents\Visual Studio 2012\Projects\course_work1\course_work1\Debug\link.2844.read.1.tlog
C:\Users\ssd-pass-slava\Documents\Visual Studio 2012\Projects\course_work1\course_work1\Debug\link.2844.write.1.tlog
C:\Users\ssd-pass-slava\Documents\Visual Studio 2012\Projects\course_work1\course_work1\Debug\link.2968-cvtres.read.1.tlog
C:\Users\ssd-pass-slava\Documents\Visual Studio 2012\Projects\course_work1\course_work1\Debug\link.2968-cvtres.write.1.tlog
C:\Users\ssd-pass-slava\Documents\Visual Studio 2012\Projects\course_work1\course_work1\Debug\link.2968-rc.read.1.tlog
C:\Users\ssd-pass-slava\Documents\Visual Studio 2012\Projects\course_work1\course_work1\Debug\link.2968-rc.write.1.tlog
C:\Users\ssd-pass-slava\Documents\Visual Studio 2012\Projects\course_work1\course_work1\Debug\link.2968.read.1.tlog
C:\Users\ssd-pass-slava\Documents\Visual Studio 2012\Projects\course_work1\course_work1\Debug\link.2968.write.1.tlog
C:\Users\ssd-pass-slava\Documents\Visual Studio 2012\Projects\course_work1\course_work1\Debug\link.3024-cvtres.read.1.tlog
C:\Users\ssd-pass-slava\Documents\Visual Studio 2012\Projects\course_work1\course_work1\Debug\link.3024-cvtres.write.1.tlog
C:\Users\ssd-pass-slava\Documents\Visual Studio 2012\Projects\course_work1\course_work1\Debug\link.3024-rc.read.1.tlog
C:\Users\ssd-pass-slava\Documents\Visual Studio 2012\Projects\course_work1\course_work1\Debug\link.3024-rc.write.1.tlog
C:\Users\ssd-pass-slava\Documents\Visual Studio 2012\Projects\course_work1\course_work1\Debug\link.3024.read.1.tlog
C:\Users\ssd-pass-slava\Documents\Visual Studio 2012\Projects\course_work1\course_work1\Debug\link.3024.write.1.tlog
C:\Users\ssd-pass-slava\Documents\Visual Studio 2012\Projects\course_work1\course_work1\Debug\link.3056-cvtres.read.1.tlog
C:\Users\ssd-pass-slava\Documents\Visual Studio 2012\Projects\course_work1\course_work1\Debug\link.3056-cvtres.write.1.tlog
C:\Users\ssd-pass-slava\Documents\Visual Studio 2012\Projects\course_work1\course_work1\Debug\link.3056-rc.read.1.tlog
C:\Users\ssd-pass-slava\Documents\Visual Studio 2012\Projects\course_work1\course_work1\Debug\link.3056-rc.write.1.tlog
C:\Users\ssd-pass-slava\Documents\Visual Studio 2012\Projects\course_work1\course_work1\Debug\link.3056.read.1.tlog
C:\Users\ssd-pass-slava\Documents\Visual Studio 2012\Projects\course_work1\course_work1\Debug\link.3056.write.1.tlog
C:\Users\ssd-pass-slava\Documents\Visual Studio 2012\Projects\course_work1\course_work1\Debug\link.3076-cvtres.read.1.tlog
C:\Users\ssd-pass-slava\Documents\Visual Studio 2012\Projects\course_work1\course_work1\Debug\link.3076-cvtres.write.1.tlog
C:\Users\ssd-pass-slava\Documents\Visual Studio 2012\Projects\course_work1\course_work1\Debug\link.3076-rc.read.1.tlog
C:\Users\ssd-pass-slava\Documents\Visual Studio 2012\Projects\course_work1\course_work1\Debug\link.3076-rc.write.1.tlog
C:\Users\ssd-pass-slava\Documents\Visual Studio 2012\Projects\course_work1\course_work1\Debug\link.3076.read.1.tlog
C:\Users\ssd-pass-slava\Documents\Visual Studio 2012\Projects\course_work1\course_work1\Debug\link.3076.write.1.tlog
C:\Users\ssd-pass-slava\Documents\Visual Studio 2012\Projects\course_work1\course_work1\Debug\link.3084-cvtres.read.1.tlog
C:\Users\ssd-pass-slava\Documents\Visual Studio 2012\Projects\course_work1\course_work1\Debug\link.3084-cvtres.write.1.tlog
C:\Users\ssd-pass-slava\Documents\Visual Studio 2012\Projects\course_work1\course_work1\Debug\link.3084-rc.read.1.tlog
C:\Users\ssd-pass-slava\Documents\Visual Studio 2012\Projects\course_work1\course_work1\Debug\link.3084-rc.write.1.tlog
C:\Users\ssd-pass-slava\Documents\Visual Studio 2012\Projects\course_work1\course_work1\Debug\link.3084.read.1.tlog
C:\Users\ssd-pass-slava\Documents\Visual Studio 2012\Projects\course_work1\course_work1\Debug\link.3084.write.1.tlog
C:\Users\ssd-pass-slava\Documents\Visual Studio 2012\Projects\course_work1\course_work1\Debug\link.3100-cvtres.read.1.tlog
C:\Users\ssd-pass-slava\Documents\Visual Studio 2012\Projects\course_work1\course_work1\Debug\link.3100-cvtres.write.1.tlog
C:\Users\ssd-pass-slava\Documents\Visual Studio 2012\Projects\course_work1\course_work1\Debug\link.3100-rc.read.1.tlog
C:\Users\ssd-pass-slava\Documents\Visual Studio 2012\Projects\course_work1\course_work1\Debug\link.3100-rc.write.1.tlog
C:\Users\ssd-pass-slava\Documents\Visual Studio 2012\Projects\course_work1\course_work1\Debug\link.3100.read.1.tlog
C:\Users\ssd-pass-slava\Documents\Visual Studio 2012\Projects\course_work1\course_work1\Debug\link.3100.write.1.tlog
C:\Users\ssd-pass-slava\Documents\Visual Studio 2012\Projects\course_work1\course_work1\Debug\link.3704-cvtres.read.1.tlog
C:\Users\ssd-pass-slava\Documents\Visual Studio 2012\Projects\course_work1\course_work1\Debug\link.3704-cvtres.write.1.tlog
C:\Users\ssd-pass-slava\Documents\Visual Studio 2012\Projects\course_work1\course_work1\Debug\link.3704-rc.read.1.tlog
C:\Users\ssd-pass-slava\Documents\Visual Studio 2012\Projects\course_work1\course_work1\Debug\link.3704-rc.write.1.tlog
C:\Users\ssd-pass-slava\Documents\Visual Studio 2012\Projects\course_work1\course_work1\Debug\link.3704.read.1.tlog
C:\Users\ssd-pass-slava\Documents\Visual Studio 2012\Projects\course_work1\course_work1\Debug\link.3704.write.1.tlog
C:\Users\ssd-pass-slava\Documents\Visual Studio 2012\Projects\course_work1\course_work1\Debug\link.3716-cvtres.read.1.tlog
C:\Users\ssd-pass-slava\Documents\Visual Studio 2012\Projects\course_work1\course_work1\Debug\link.3716-cvtres.write.1.tlog
C:\Users\ssd-pass-slava\Documents\Visual Studio 2012\Projects\course_work1\course_work1\Debug\link.3716-rc.read.1.tlog
C:\Users\ssd-pass-slava\Documents\Visual Studio 2012\Projects\course_work1\course_work1\Debug\link.3716-rc.write.1.tlog
C:\Users\ssd-pass-slava\Documents\Visual Studio 2012\Projects\course_work1\course_work1\Debug\link.3716.read.1.tlog
C:\Users\ssd-pass-slava\Documents\Visual Studio 2012\Projects\course_work1\course_work1\Debug\link.3716.write.1.tlog
C:\Users\ssd-pass-slava\Documents\Visual Studio 2012\Projects\course_work1\course_work1\Debug\link.3788-cvtres.read.1.tlog
C:\Users\ssd-pass-slava\Documents\Visual Studio 2012\Projects\course_work1\course_work1\Debug\link.3788-cvtres.write.1.tlog
C:\Users\ssd-pass-slava\Documents\Visual Studio 2012\Projects\course_work1\course_work1\Debug\link.3788-rc.read.1.tlog
C:\Users\ssd-pass-slava\Documents\Visual Studio 2012\Projects\course_work1\course_work1\Debug\link.3788-rc.write.1.tlog
C:\Users\ssd-pass-slava\Documents\Visual Studio 2012\Projects\course_work1\course_work1\Debug\link.3788.read.1.tlog
C:\Users\ssd-pass-slava\Documents\Visual Studio 2012\Projects\course_work1\course_work1\Debug\link.3788.write.1.tlog
C:\Users\ssd-pass-slava\Documents\Visual Studio 2012\Projects\course_work1\course_work1\Debug\link.4152-cvtres.read.1.tlog
C:\Users\ssd-pass-slava\Documents\Visual Studio 2012\Projects\course_work1\course_work1\Debug\link.4152-cvtres.write.1.tlog
C:\Users\ssd-pass-slava\Documents\Visual Studio 2012\Projects\course_work1\course_work1\Debug\link.4152-rc.read.1.tlog
C:\Users\ssd-pass-slava\Documents\Visual Studio 2012\Projects\course_work1\course_work1\Debug\link.4152-rc.write.1.tlog
C:\Users\ssd-pass-slava\Documents\Visual Studio 2012\Projects\course_work1\course_work1\Debug\link.4152.read.1.tlog
C:\Users\ssd-pass-slava\Documents\Visual Studio 2012\Projects\course_work1\course_work1\Debug\link.4152.write.1.tlog
C:\Users\ssd-pass-slava\Documents\Visual Studio 2012\Projects\course_work1\course_work1\Debug\link.4360-cvtres.read.1.tlog
C:\Users\ssd-pass-slava\Documents\Visual Studio 2012\Projects\course_work1\course_work1\Debug\link.4360-cvtres.write.1.tlog
C:\Users\ssd-pass-slava\Documents\Visual Studio 2012\Projects\course_work1\course_work1\Debug\link.4360-rc.read.1.tlog
C:\Users\ssd-pass-slava\Documents\Visual Studio 2012\Projects\course_work1\course_work1\Debug\link.4360-rc.write.1.tlog
C:\Users\ssd-pass-slava\Documents\Visual Studio 2012\Projects\course_work1\course_work1\Debug\link.4360.read.1.tlog
C:\Users\ssd-pass-slava\Documents\Visual Studio 2012\Projects\course_work1\course_work1\Debug\link.4360.write.1.tlog
C:\Users\ssd-pass-slava\Documents\Visual Studio 2012\Projects\course_work1\course_work1\Debug\link.4584-cvtres.read.1.tlog
C:\Users\ssd-pass-slava\Documents\Visual Studio 2012\Projects\course_work1\course_work1\Debug\link.4584-cvtres.write.1.tlog
C:\Users\ssd-pass-slava\Documents\Visual Studio 2012\Projects\course_work1\course_work1\Debug\link.4584-rc.read.1.tlog
C:\Users\ssd-pass-slava\Documents\Visual Studio 2012\Projects\course_work1\course_work1\Debug\link.4584-rc.write.1.tlog
C:\Users\ssd-pass-slava\Documents\Visual Studio 2012\Projects\course_work1\course_work1\Debug\link.4584.read.1.tlog
C:\Users\ssd-pass-slava\Documents\Visual Studio 2012\Projects\course_work1\course_work1\Debug\link.4584.write.1.tlog
C:\Users\ssd-pass-slava\Documents\Visual Studio 2012\Projects\course_work1\course_work1\Debug\link.4692-cvtres.read.1.tlog
C:\Users\ssd-pass-slava\Documents\Visual Studio 2012\Projects\course_work1\course_work1\Debug\link.4692-cvtres.write.1.tlog
C:\Users\ssd-pass-slava\Documents\Visual Studio 2012\Projects\course_work1\course_work1\Debug\link.4692-rc.read.1.tlog
C:\Users\ssd-pass-slava\Documents\Visual Studio 2012\Projects\course_work1\course_work1\Debug\link.4692-rc.write.1.tlog
C:\Users\ssd-pass-slava\Documents\Visual Studio 2012\Projects\course_work1\course_work1\Debug\link.4692.read.1.tlog
C:\Users\ssd-pass-slava\Documents\Visual Studio 2012\Projects\course_work1\course_work1\Debug\link.4692.write.1.tlog
C:\Users\ssd-pass-slava\Documents\Visual Studio 2012\Projects\course_work1\course_work1\Debug\link.4740-cvtres.read.1.tlog
C:\Users\ssd-pass-slava\Documents\Visual Studio 2012\Projects\course_work1\course_work1\Debug\link.4740-cvtres.write.1.tlog
C:\Users\ssd-pass-slava\Documents\Visual Studio 2012\Projects\course_work1\course_work1\Debug\link.4740-rc.read.1.tlog
C:\Users\ssd-pass-slava\Documents\Visual Studio 2012\Projects\course_work1\course_work1\Debug\link.4740-rc.write.1.tlog
C:\Users\ssd-pass-slava\Documents\Visual Studio 2012\Projects\course_work1\course_work1\Debug\link.4740.read.1.tlog
C:\Users\ssd-pass-slava\Documents\Visual Studio 2012\Projects\course_work1\course_work1\Debug\link.4740.write.1.tlog
C:\Users\ssd-pass-slava\Documents\Visual Studio 2012\Projects\course_work1\course_work1\Debug\link.480-cvtres.read.1.tlog
C:\Users\ssd-pass-slava\Documents\Visual Studio 2012\Projects\course_work1\course_work1\Debug\link.480-cvtres.write.1.tlog
C:\Users\ssd-pass-slava\Documents\Visual Studio 2012\Projects\course_work1\course_work1\Debug\link.480-rc.read.1.tlog
C:\Users\ssd-pass-slava\Documents\Visual Studio 2012\Projects\course_work1\course_work1\Debug\link.480-rc.write.1.tlog
C:\Users\ssd-pass-slava\Documents\Visual Studio 2012\Projects\course_work1\course_work1\Debug\link.480.read.1.tlog
C:\Users\ssd-pass-slava\Documents\Visual Studio 2012\Projects\course_work1\course_work1\Debug\link.480.write.1.tlog
C:\Users\ssd-pass-slava\Documents\Visual Studio 2012\Projects\course_work1\course_work1\Debug\link.4800-cvtres.read.1.tlog
C:\Users\ssd-pass-slava\Documents\Visual Studio 2012\Projects\course_work1\course_work1\Debug\link.4800-cvtres.write.1.tlog
C:\Users\ssd-pass-slava\Documents\Visual Studio 2012\Projects\course_work1\course_work1\Debug\link.4800-rc.read.1.tlog
C:\Users\ssd-pass-slava\Documents\Visual Studio 2012\Projects\course_work1\course_work1\Debug\link.4800-rc.write.1.tlog
C:\Users\ssd-pass-slava\Documents\Visual Studio 2012\Projects\course_work1\course_work1\Debug\link.4800.read.1.tlog
C:\Users\ssd-pass-slava\Documents\Visual Studio 2012\Projects\course_work1\course_work1\Debug\link.4800.write.1.tlog
C:\Users\ssd-pass-slava\Documents\Visual Studio 2012\Projects\course_work1\course_work1\Debug\link.4872-cvtres.read.1.tlog
C:\Users\ssd-pass-slava\Documents\Visual Studio 2012\Projects\course_work1\course_work1\Debug\link.4872-cvtres.write.1.tlog
C:\Users\ssd-pass-slava\Documents\Visual Studio 2012\Projects\course_work1\course_work1\Debug\link.4872-rc.read.1.tlog
C:\Users\ssd-pass-slava\Documents\Visual Studio 2012\Projects\course_work1\course_work1\Debug\link.4872-rc.write.1.tlog
C:\Users\ssd-pass-slava\Documents\Visual Studio 2012\Projects\course_work1\course_work1\Debug\link.4872.read.1.tlog
C:\Users\ssd-pass-slava\Documents\Visual Studio 2012\Projects\course_work1\course_work1\Debug\link.4872.write.1.tlog
C:\Users\ssd-pass-slava\Documents\Visual Studio 2012\Projects\course_work1\course_work1\Debug\link.4900-cvtres.read.1.tlog
C:\Users\ssd-pass-slava\Documents\Visual Studio 2012\Projects\course_work1\course_work1\Debug\link.4900-cvtres.write.1.tlog
C:\Users\ssd-pass-slava\Documents\Visual Studio 2012\Projects\course_work1\course_work1\Debug\link.4900-rc.read.1.tlog
C:\Users\ssd-pass-slava\Documents\Visual Studio 2012\Projects\course_work1\course_work1\Debug\link.4900-rc.write.1.tlog
C:\Users\ssd-pass-slava\Documents\Visual Studio 2012\Projects\course_work1\course_work1\Debug\link.4900.read.1.tlog
C:\Users\ssd-pass-slava\Documents\Visual Studio 2012\Projects\course_work1\course_work1\Debug\link.4900.write.1.tlog
C:\Users\ssd-pass-slava\Documents\Visual Studio 2012\Projects\course_work1\course_work1\Debug\link.5296-cvtres.read.1.tlog
C:\Users\ssd-pass-slava\Documents\Visual Studio 2012\Projects\course_work1\course_work1\Debug\link.5296-cvtres.write.1.tlog
C:\Users\ssd-pass-slava\Documents\Visual Studio 2012\Projects\course_work1\course_work1\Debug\link.5296-rc.read.1.tlog
C:\Users\ssd-pass-slava\Documents\Visual Studio 2012\Projects\course_work1\course_work1\Debug\link.5296-rc.write.1.tlog
C:\Users\ssd-pass-slava\Documents\Visual Studio 2012\Projects\course_work1\course_work1\Debug\link.5296.read.1.tlog
C:\Users\ssd-pass-slava\Documents\Visual Studio 2012\Projects\course_work1\course_work1\Debug\link.5296.write.1.tlog
C:\Users\ssd-pass-slava\Documents\Visual Studio 2012\Projects\course_work1\course_work1\Debug\link.5444-cvtres.read.1.tlog
C:\Users\ssd-pass-slava\Documents\Visual Studio 2012\Projects\course_work1\course_work1\Debug\link.5444-cvtres.write.1.tlog
C:\Users\ssd-pass-slava\Documents\Visual Studio 2012\Projects\course_work1\course_work1\Debug\link.5444-rc.read.1.tlog
C:\Users\ssd-pass-slava\Documents\Visual Studio 2012\Projects\course_work1\course_work1\Debug\link.5444-rc.write.1.tlog
C:\Users\ssd-pass-slava\Documents\Visual Studio 2012\Projects\course_work1\course_work1\Debug\link.5444.read.1.tlog
C:\Users\ssd-pass-slava\Documents\Visual Studio 2012\Projects\course_work1\course_work1\Debug\link.5444.write.1.tlog
C:\Users\ssd-pass-slava\Documents\Visual Studio 2012\Projects\course_work1\course_work1\Debug\link.5536-cvtres.read.1.tlog
C:\Users\ssd-pass-slava\Documents\Visual Studio 2012\Projects\course_work1\course_work1\Debug\link.5536-cvtres.write.1.tlog
C:\Users\ssd-pass-slava\Documents\Visual Studio 2012\Projects\course_work1\course_work1\Debug\link.5536-rc.read.1.tlog
C:\Users\ssd-pass-slava\Documents\Visual Studio 2012\Projects\course_work1\course_work1\Debug\link.5536-rc.write.1.tlog
C:\Users\ssd-pass-slava\Documents\Visual Studio 2012\Projects\course_work1\course_work1\Debug\link.5536.read.1.tlog
C:\Users\ssd-pass-slava\Documents\Visual Studio 2012\Projects\course_work1\course_work1\Debug\link.5536.write.1.tlog
C:\Users\ssd-pass-slava\Documents\Visual Studio 2012\Projects\course_work1\course_work1\Debug\link.5556-cvtres.read.1.tlog
C:\Users\ssd-pass-slava\Documents\Visual Studio 2012\Projects\course_work1\course_work1\Debug\link.5556-cvtres.write.1.tlog
C:\Users\ssd-pass-slava\Documents\Visual Studio 2012\Projects\course_work1\course_work1\Debug\link.5556-rc.read.1.tlog
C:\Users\ssd-pass-slava\Documents\Visual Studio 2012\Projects\course_work1\course_work1\Debug\link.5556-rc.write.1.tlog
C:\Users\ssd-pass-slava\Documents\Visual Studio 2012\Projects\course_work1\course_work1\Debug\link.5556.read.1.tlog
C:\Users\ssd-pass-slava\Documents\Visual Studio 2012\Projects\course_work1\course_work1\Debug\link.5556.write.1.tlog
C:\Users\ssd-pass-slava\Documents\Visual Studio 2012\Projects\course_work1\course_work1\Debug\link.5628-cvtres.read.1.tlog
C:\Users\ssd-pass-slava\Documents\Visual Studio 2012\Projects\course_work1\course_work1\Debug\link.5628-cvtres.write.1.tlog
C:\Users\ssd-pass-slava\Documents\Visual Studio 2012\Projects\course_work1\course_work1\Debug\link.5628-rc.read.1.tlog
C:\Users\ssd-pass-slava\Documents\Visual Studio 2012\Projects\course_work1\course_work1\Debug\link.5628-rc.write.1.tlog
C:\Users\ssd-pass-slava\Documents\Visual Studio 2012\Projects\course_work1\course_work1\Debug\link.5628.read.1.tlog
C:\Users\ssd-pass-slava\Documents\Visual Studio 2012\Projects\course_work1\course_work1\Debug\link.5628.write.1.tlog
C:\Users\ssd-pass-slava\Documents\Visual Studio 2012\Projects\course_work1\course_work1\Debug\link.5692-cvtres.read.1.tlog
C:\Users\ssd-pass-slava\Documents\Visual Studio 2012\Projects\course_work1\course_work1\Debug\link.5692-cvtres.write.1.tlog
C:\Users\ssd-pass-slava\Documents\Visual Studio 2012\Projects\course_work1\course_work1\Debug\link.5692-rc.read.1.tlog
C:\Users\ssd-pass-slava\Documents\Visual Studio 2012\Projects\course_work1\course_work1\Debug\link.5692-rc.write.1.tlog
C:\Users\ssd-pass-slava\Documents\Visual Studio 2012\Projects\course_work1\course_work1\Debug\link.5692.read.1.tlog
C:\Users\ssd-pass-slava\Documents\Visual Studio 2012\Projects\course_work1\course_work1\Debug\link.5692.write.1.tlog
C:\Users\ssd-pass-slava\Documents\Visual Studio 2012\Projects\course_work1\course_work1\Debug\link.5728-cvtres.read.1.tlog
C:\Users\ssd-pass-slava\Documents\Visual Studio 2012\Projects\course_work1\course_work1\Debug\link.5728-cvtres.write.1.tlog
C:\Users\ssd-pass-slava\Documents\Visual Studio 2012\Projects\course_work1\course_work1\Debug\link.5728-rc.read.1.tlog
C:\Users\ssd-pass-slava\Documents\Visual Studio 2012\Projects\course_work1\course_work1\Debug\link.5728-rc.write.1.tlog
C:\Users\ssd-pass-slava\Documents\Visual Studio 2012\Projects\course_work1\course_work1\Debug\link.5728.read.1.tlog
C:\Users\ssd-pass-slava\Documents\Visual Studio 2012\Projects\course_work1\course_work1\Debug\link.5728.write.1.tlog
C:\Users\ssd-pass-slava\Documents\Visual Studio 2012\Projects\course_work1\course_work1\Debug\link.5872-cvtres.read.1.tlog
C:\Users\ssd-pass-slava\Documents\Visual Studio 2012\Projects\course_work1\course_work1\Debug\link.5872-cvtres.write.1.tlog
C:\Users\ssd-pass-slava\Documents\Visual Studio 2012\Projects\course_work1\course_work1\Debug\link.5872-rc.read.1.tlog
C:\Users\ssd-pass-slava\Documents\Visual Studio 2012\Projects\course_work1\course_work1\Debug\link.5872-rc.write.1.tlog
C:\Users\ssd-pass-slava\Documents\Visual Studio 2012\Projects\course_work1\course_work1\Debug\link.5872.read.1.tlog
C:\Users\ssd-pass-slava\Documents\Visual Studio 2012\Projects\course_work1\course_work1\Debug\link.5872.write.1.tlog
C:\Users\ssd-pass-slava\Documents\Visual Studio 2012\Projects\course_work1\course_work1\Debug\link.5884-cvtres.read.1.tlog
C:\Users\ssd-pass-slava\Documents\Visual Studio 2012\Projects\course_work1\course_work1\Debug\link.5884-cvtres.write.1.tlog
C:\Users\ssd-pass-slava\Documents\Visual Studio 2012\Projects\course_work1\course_work1\Debug\link.5884-rc.read.1.tlog
C:\Users\ssd-pass-slava\Documents\Visual Studio 2012\Projects\course_work1\course_work1\Debug\link.5884-rc.write.1.tlog
C:\Users\ssd-pass-slava\Documents\Visual Studio 2012\Projects\course_work1\course_work1\Debug\link.5884.read.1.tlog
C:\Users\ssd-pass-slava\Documents\Visual Studio 2012\Projects\course_work1\course_work1\Debug\link.5884.write.1.tlog
C:\Users\ssd-pass-slava\Documents\Visual Studio 2012\Projects\course_work1\course_work1\Debug\link.5920-cvtres.read.1.tlog
C:\Users\ssd-pass-slava\Documents\Visual Studio 2012\Projects\course_work1\course_work1\Debug\link.5920-cvtres.write.1.tlog
C:\Users\ssd-pass-slava\Documents\Visual Studio 2012\Projects\course_work1\course_work1\Debug\link.5920-rc.read.1.tlog
C:\Users\ssd-pass-slava\Documents\Visual Studio 2012\Projects\course_work1\course_work1\Debug\link.5920-rc.write.1.tlog
C:\Users\ssd-pass-slava\Documents\Visual Studio 2012\Projects\course_work1\course_work1\Debug\link.5920.read.1.tlog
C:\Users\ssd-pass-slava\Documents\Visual Studio 2012\Projects\course_work1\course_work1\Debug\link.5920.write.1.tlog
C:\Users\ssd-pass-slava\Documents\Visual Studio 2012\Projects\course_work1\course_work1\Debug\link.5948-cvtres.read.1.tlog
C:\Users\ssd-pass-slava\Documents\Visual Studio 2012\Projects\course_work1\course_work1\Debug\link.5948-cvtres.write.1.tlog
C:\Users\ssd-pass-slava\Documents\Visual Studio 2012\Projects\course_work1\course_work1\Debug\link.5948-rc.read.1.tlog
C:\Users\ssd-pass-slava\Documents\Visual Studio 2012\Projects\course_work1\course_work1\Debug\link.5948-rc.write.1.tlog
C:\Users\ssd-pass-slava\Documents\Visual Studio 2012\Projects\course_work1\course_work1\Debug\link.5948.read.1.tlog
C:\Users\ssd-pass-slava\Documents\Visual Studio 2012\Projects\course_work1\course_work1\Debug\link.5948.write.1.tlog
C:\Users\ssd-pass-slava\Documents\Visual Studio 2012\Projects\course_work1\course_work1\Debug\link.6032-cvtres.read.1.tlog
C:\Users\ssd-pass-slava\Documents\Visual Studio 2012\Projects\course_work1\course_work1\Debug\link.6032-cvtres.write.1.tlog
C:\Users\ssd-pass-slava\Documents\Visual Studio 2012\Projects\course_work1\course_work1\Debug\link.6032-rc.read.1.tlog
C:\Users\ssd-pass-slava\Documents\Visual Studio 2012\Projects\course_work1\course_work1\Debug\link.6032-rc.write.1.tlog
C:\Users\ssd-pass-slava\Documents\Visual Studio 2012\Projects\course_work1\course_work1\Debug\link.6032.read.1.tlog
C:\Users\ssd-pass-slava\Documents\Visual Studio 2012\Projects\course_work1\course_work1\Debug\link.6032.write.1.tlog
C:\Users\ssd-pass-slava\Documents\Visual Studio 2012\Projects\course_work1\course_work1\Debug\link.6040-cvtres.read.1.tlog
C:\Users\ssd-pass-slava\Documents\Visual Studio 2012\Projects\course_work1\course_work1\Debug\link.6040-cvtres.write.1.tlog
C:\Users\ssd-pass-slava\Documents\Visual Studio 2012\Projects\course_work1\course_work1\Debug\link.6040-rc.read.1.tlog
C:\Users\ssd-pass-slava\Documents\Visual Studio 2012\Projects\course_work1\course_work1\Debug\link.6040-rc.write.1.tlog
C:\Users\ssd-pass-slava\Documents\Visual Studio 2012\Projects\course_work1\course_work1\Debug\link.6040.read.1.tlog
C:\Users\ssd-pass-slava\Documents\Visual Studio 2012\Projects\course_work1\course_work1\Debug\link.6040.write.1.tlog
C:\Users\ssd-pass-slava\Documents\Visual Studio 2012\Projects\course_work1\course_work1\Debug\link.6044-cvtres.read.1.tlog
C:\Users\ssd-pass-slava\Documents\Visual Studio 2012\Projects\course_work1\course_work1\Debug\link.6044-cvtres.write.1.tlog
C:\Users\ssd-pass-slava\Documents\Visual Studio 2012\Projects\course_work1\course_work1\Debug\link.6044-rc.read.1.tlog
C:\Users\ssd-pass-slava\Documents\Visual Studio 2012\Projects\course_work1\course_work1\Debug\link.6044-rc.write.1.tlog
C:\Users\ssd-pass-slava\Documents\Visual Studio 2012\Projects\course_work1\course_work1\Debug\link.6044.read.1.tlog
C:\Users\ssd-pass-slava\Documents\Visual Studio 2012\Projects\course_work1\course_work1\Debug\link.6044.write.1.tlog
C:\Users\ssd-pass-slava\Documents\Visual Studio 2012\Projects\course_work1\course_work1\Debug\link.6056-cvtres.read.1.tlog
C:\Users\ssd-pass-slava\Documents\Visual Studio 2012\Projects\course_work1\course_work1\Debug\link.6056-cvtres.write.1.tlog
C:\Users\ssd-pass-slava\Documents\Visual Studio 2012\Projects\course_work1\course_work1\Debug\link.6056-rc.read.1.tlog
C:\Users\ssd-pass-slava\Documents\Visual Studio 2012\Projects\course_work1\course_work1\Debug\link.6056-rc.write.1.tlog
C:\Users\ssd-pass-slava\Documents\Visual Studio 2012\Projects\course_work1\course_work1\Debug\link.6056.read.1.tlog
C:\Users\ssd-pass-slava\Documents\Visual Studio 2012\Projects\course_work1\course_work1\Debug\link.6056.write.1.tlog
C:\Users\ssd-pass-slava\Documents\Visual Studio 2012\Projects\course_work1\course_work1\Debug\link.6104-cvtres.read.1.tlog
C:\Users\ssd-pass-slava\Documents\Visual Studio 2012\Projects\course_work1\course_work1\Debug\link.6104-cvtres.write.1.tlog
C:\Users\ssd-pass-slava\Documents\Visual Studio 2012\Projects\course_work1\course_work1\Debug\link.6104-rc.read.1.tlog
C:\Users\ssd-pass-slava\Documents\Visual Studio 2012\Projects\course_work1\course_work1\Debug\link.6104-rc.write.1.tlog
C:\Users\ssd-pass-slava\Documents\Visual Studio 2012\Projects\course_work1\course_work1\Debug\link.6104.read.1.tlog
C:\Users\ssd-pass-slava\Documents\Visual Studio 2012\Projects\course_work1\course_work1\Debug\link.6104.write.1.tlog
C:\Users\ssd-pass-slava\Documents\Visual Studio 2012\Projects\course_work1\course_work1\Debug\link.6200-cvtres.read.1.tlog
C:\Users\ssd-pass-slava\Documents\Visual Studio 2012\Projects\course_work1\course_work1\Debug\link.6200-cvtres.write.1.tlog
C:\Users\ssd-pass-slava\Documents\Visual Studio 2012\Projects\course_work1\course_work1\Debug\link.6200-rc.read.1.tlog
C:\Users\ssd-pass-slava\Documents\Visual Studio 2012\Projects\course_work1\course_work1\Debug\link.6200-rc.write.1.tlog
C:\Users\ssd-pass-slava\Documents\Visual Studio 2012\Projects\course_work1\course_work1\Debug\link.6200.read.1.tlog
C:\Users\ssd-pass-slava\Documents\Visual Studio 2012\Projects\course_work1\course_work1\Debug\link.6200.write.1.tlog
C:\Users\ssd-pass-slava\Documents\Visual Studio 2012\Projects\course_work1\course_work1\Debug\link.6492-cvtres.read.1.tlog
C:\Users\ssd-pass-slava\Documents\Visual Studio 2012\Projects\course_work1\course_work1\Debug\link.6492-cvtres.write.1.tlog
C:\Users\ssd-pass-slava\Documents\Visual Studio 2012\Projects\course_work1\course_work1\Debug\link.6492-rc.read.1.tlog
C:\Users\ssd-pass-slava\Documents\Visual Studio 2012\Projects\course_work1\course_work1\Debug\link.6492-rc.write.1.tlog
C:\Users\ssd-pass-slava\Documents\Visual Studio 2012\Projects\course_work1\course_work1\Debug\link.6492.read.1.tlog
C:\Users\ssd-pass-slava\Documents\Visual Studio 2012\Projects\course_work1\course_work1\Debug\link.6492.write.1.tlog
C:\Users\ssd-pass-slava\Documents\Visual Studio 2012\Projects\course_work1\course_work1\Debug\link.6668-cvtres.read.1.tlog
C:\Users\ssd-pass-slava\Documents\Visual Studio 2012\Projects\course_work1\course_work1\Debug\link.6668-cvtres.write.1.tlog
C:\Users\ssd-pass-slava\Documents\Visual Studio 2012\Projects\course_work1\course_work1\Debug\link.6668-rc.read.1.tlog
C:\Users\ssd-pass-slava\Documents\Visual Studio 2012\Projects\course_work1\course_work1\Debug\link.6668-rc.write.1.tlog
C:\Users\ssd-pass-slava\Documents\Visual Studio 2012\Projects\course_work1\course_work1\Debug\link.6668.read.1.tlog
C:\Users\ssd-pass-slava\Documents\Visual Studio 2012\Projects\course_work1\course_work1\Debug\link.6668.write.1.tlog
C:\Users\ssd-pass-slava\Documents\Visual Studio 2012\Projects\course_work1\course_work1\Debug\link.6792-cvtres.read.1.tlog
C:\Users\ssd-pass-slava\Documents\Visual Studio 2012\Projects\course_work1\course_work1\Debug\link.6792-cvtres.write.1.tlog
C:\Users\ssd-pass-slava\Documents\Visual Studio 2012\Projects\course_work1\course_work1\Debug\link.6792-rc.read.1.tlog
C:\Users\ssd-pass-slava\Documents\Visual Studio 2012\Projects\course_work1\course_work1\Debug\link.6792-rc.write.1.tlog
C:\Users\ssd-pass-slava\Documents\Visual Studio 2012\Projects\course_work1\course_work1\Debug\link.6792.read.1.tlog
C:\Users\ssd-pass-slava\Documents\Visual Studio 2012\Projects\course_work1\course_work1\Debug\link.6792.write.1.tlog
C:\Users\ssd-pass-slava\Documents\Visual Studio 2012\Projects\course_work1\course_work1\Debug\link.7060-cvtres.read.1.tlog
C:\Users\ssd-pass-slava\Documents\Visual Studio 2012\Projects\course_work1\course_work1\Debug\link.7060-cvtres.write.1.tlog
C:\Users\ssd-pass-slava\Documents\Visual Studio 2012\Projects\course_work1\course_work1\Debug\link.7060-rc.read.1.tlog
C:\Users\ssd-pass-slava\Documents\Visual Studio 2012\Projects\course_work1\course_work1\Debug\link.7060-rc.write.1.tlog
C:\Users\ssd-pass-slava\Documents\Visual Studio 2012\Projects\course_work1\course_work1\Debug\link.7060.read.1.tlog
C:\Users\ssd-pass-slava\Documents\Visual Studio 2012\Projects\course_work1\course_work1\Debug\link.7060.write.1.tlog
C:\Users\ssd-pass-slava\Documents\Visual Studio 2012\Projects\course_work1\course_work1\Debug\link.780-cvtres.read.1.tlog
C:\Users\ssd-pass-slava\Documents\Visual Studio 2012\Projects\course_work1\course_work1\Debug\link.780-cvtres.write.1.tlog
C:\Users\ssd-pass-slava\Documents\Visual Studio 2012\Projects\course_work1\course_work1\Debug\link.780-rc.read.1.tlog
C:\Users\ssd-pass-slava\Documents\Visual Studio 2012\Projects\course_work1\course_work1\Debug\link.780-rc.write.1.tlog
C:\Users\ssd-pass-slava\Documents\Visual Studio 2012\Projects\course_work1\course_work1\Debug\link.780.read.1.tlog
C:\Users\ssd-pass-slava\Documents\Visual Studio 2012\Projects\course_work1\course_work1\Debug\link.780.write.1.tlog
C:\Users\ssd-pass-slava\Documents\Visual Studio 2012\Projects\course_work1\course_work1\Debug\link.792-cvtres.read.1.tlog
C:\Users\ssd-pass-slava\Documents\Visual Studio 2012\Projects\course_work1\course_work1\Debug\link.792-cvtres.write.1.tlog
C:\Users\ssd-pass-slava\Documents\Visual Studio 2012\Projects\course_work1\course_work1\Debug\link.792-rc.read.1.tlog
C:\Users\ssd-pass-slava\Documents\Visual Studio 2012\Projects\course_work1\course_work1\Debug\link.792-rc.write.1.tlog
C:\Users\ssd-pass-slava\Documents\Visual Studio 2012\Projects\course_work1\course_work1\Debug\link.792.read.1.tlog
C:\Users\ssd-pass-slava\Documents\Visual Studio 2012\Projects\course_work1\course_work1\Debug\link.792.write.1.tlog
C:\Users\ssd-pass-slava\Documents\Visual Studio 2012\Projects\course_work1\course_work1\Debug\link.992-cvtres.read.1.tlog
C:\Users\ssd-pass-slava\Documents\Visual Studio 2012\Projects\course_work1\course_work1\Debug\link.992-cvtres.write.1.tlog
C:\Users\ssd-pass-slava\Documents\Visual Studio 2012\Projects\course_work1\course_work1\Debug\link.992-rc.read.1.tlog
C:\Users\ssd-pass-slava\Documents\Visual Studio 2012\Projects\course_work1\course_work1\Debug\link.992-rc.write.1.tlog
C:\Users\ssd-pass-slava\Documents\Visual Studio 2012\Projects\course_work1\course_work1\Debug\link.992.read.1.tlog
C:\Users\ssd-pass-slava\Documents\Visual Studio 2012\Projects\course_work1\course_work1\Debug\link.992.write.1.tlog
C:\Users\ssd-pass-slava\Documents\Visual Studio 2012\Projects\course_work1\course_work1\Debug\link.command.1.tlog
C:\Users\ssd-pass-slava\Documents\Visual Studio 2012\Projects\course_work1\course_work1\Debug\link.read.1.tlog
C:\Users\ssd-pass-slava\Documents\Visual Studio 2012\Projects\course_work1\course_work1\Debug\link.write.1.tlog
C:\Users\ssd-pass-slava\Documents\Visual Studio 2012\Projects\course_work1\course_work1\Debug\vc110.idb
C:\Users\ssd-pass-slava\Documents\Visual Studio 2012\Projects\course_work1\course_work1\Debug\vc110.pdb
C:\Users\ssd-pass-slava\Documents\Visual Studio 2012\Projects\course_work1\Debug\course_work1.pdb
C:\Users\ssd-pass-slava\Documents\Visual Studio 2012\Projects\course_work1\Debug\course_work1.exe
C:\Users\ssd-pass-slava\Documents\Visual Studio 2012\Projects\course_work1\Debug\course_work1.ilk
